{
 "cells": [
  {
   "cell_type": "markdown",
   "id": "3092c9db",
   "metadata": {},
   "source": [
    "#                     Hospital Management  Schema"
   ]
  },
  {
   "cell_type": "markdown",
   "id": "a584d90e",
   "metadata": {},
   "source": [
    "## Introduction"
   ]
  },
  {
   "cell_type": "markdown",
   "id": "be5b1f80",
   "metadata": {},
   "source": [
    "The database schema used in this analysis focuses on healthcare-related data and includes multiple interrelated tables that store information about patients, doctors, hospital stays, and appointment details.The purpose of this schema is to manage and analyze key aspects of hospital operations,including patient admissions, appointment scheduling, medical severity levels, and doctor assignments.\n",
    "\n",
    "The schema consists of the following key tables:\n",
    "1. patient_data: Stores information about patients, including patient identifiers (key_nis), hospital identifiers (hosp_nis), and demographic and medical data such as age, gender, diagnosis, and total charges.\n",
    "2. doctor_details: Contains data about doctors, including doctor_id, name, specialty, and contact information.\n",
    "3. appointment_details: Manages appointments, including the appointment ID, patient (key_nis), hospital (hosp_nis), assigned doctor, appointment date, and purpose.\n",
    "4. hospital_severity: Tracks the severity of a patient's condition, including the hospital (hosp_nis), patient (key_nis), diagnosis-related group (aprdrg), and severity level (aprdrg_severity).\n"
   ]
  },
  {
   "cell_type": "markdown",
   "id": "542fa19f",
   "metadata": {},
   "source": [
    "Purpose of Queries\n",
    "The purpose of the queries is to retrieve, aggregate, and analyze the data stored across these related tables. Specifically, the queries are designed to:\n",
    "\n",
    "• Retrieve All Patients with Their Doctors and Severity LevelsAnalyze patient distributions across different severity levels.\n",
    "\n",
    "• Count the Number of Patients per Severity Level\n",
    "\n",
    "• Retrieve Patients Admitted to Specific Hospitals\n",
    "\n",
    "• Find the Total Number of Appointments for Each Doctor\n",
    "\n",
    "• Retrieve All Critical Severity Patients with Specific Doctor Assignments\n",
    "\n",
    "• Examine the performance of the queries using EXPLAIN ANALYZE to identify areas for optimization and potential performance improvements through indexing or query design refinements.\n",
    "\n",
    "These queries provide valuable insights into hospital operations and patient care by leveraging the interconnectedness of the schema.\n"
   ]
  },
  {
   "cell_type": "markdown",
   "id": "1c99fbf3",
   "metadata": {},
   "source": [
    "## 1. Creating Tables"
   ]
  },
  {
   "cell_type": "markdown",
   "id": "cc28b9cb",
   "metadata": {},
   "source": [
    "### Hospital table    \n",
    "CREATE TABLE hospital_info (\n",
    "    HOSP_BEDSIZE INT,\n",
    "    HOSP_DIVISION VARCHAR(10),\n",
    "    HOSP_NIS INT PRIMARY KEY, -- Primary key since HOSP_NIS is unique here\n",
    "    H_CONTRL VARCHAR(10),\n",
    "    TOTAL_DISC INT\n",
    ");\n",
    "\n",
    "### Patient table\n",
    "CREATE TABLE patient_data (\n",
    "    AGE INT,\n",
    "    DIED INT,\n",
    "    DRG INT,\n",
    "    FEMALE VARCHAR(10),\n",
    "\tHOSP_DIVISION VARCHAR(10),\n",
    "    HOSP_NIS INT, -- Foreign key from the hospital_info table\n",
    "    I10_DX1 VARCHAR(10), -- ICD-10 diagnosis code\n",
    "    I10_PR1 VARCHAR(10), -- ICD-10 procedure code\n",
    "    KEY_NIS INT PRIMARY KEY, -- Primary key for patient data\n",
    "    LOS INT, -- Length of stay\n",
    "    PAY1 INT, -- Primary expected payer\n",
    "    RACE VARCHAR(10), -- Race\n",
    "    TOTCHG INT, -- Total charges\n",
    "    CONSTRAINT fk_patient_data_hosp_nis\n",
    "    FOREIGN KEY (HOSP_NIS) REFERENCES hospital_info (HOSP_NIS) -- Foreign key constraint\n",
    ");\n",
    "\n",
    "### Hospital Severity table\n",
    "CREATE TABLE hospital_severity (\n",
    "    HOSP_NIS INT,\n",
    "    KEY_NIS INT, -- Foreign key from the `patient_data` or other table\n",
    "    APRDRG INT,\n",
    "    \n",
    "    APRDRG_Severity VARCHAR(10),\n",
    "    CONSTRAINT fk_hospital_drg_data_key_nis\n",
    "    FOREIGN KEY (KEY_NIS) REFERENCES patient_data (KEY_NIS) -- Foreign key constraint\n",
    ");\n",
    "\n",
    "### Appointment table\n",
    "CREATE TABLE public.appointment_details (\n",
    "    appointment_id SERIAL PRIMARY KEY,\n",
    "\tkey_nis INTEGER NOT NULL,\n",
    "    hosp_nis INTEGER NOT NULL,\n",
    "    doctor_id INTEGER NOT NULL,\n",
    "    appointment_date DATE NOT NULL,\n",
    "    purpose VARCHAR(255),\n",
    "    FOREIGN KEY (key_nis) REFERENCES public.patient_data(key_nis),\n",
    "    FOREIGN KEY (doctor_id) REFERENCES public.doctor_details(doctor_id)\n",
    ");\n",
    "\n",
    "### Doctor table\n",
    "CREATE TABLE public.doctor_details (\n",
    "    doctor_id SERIAL PRIMARY KEY,\n",
    "    doctor_name VARCHAR(100) NOT NULL,\n",
    "    specialty VARCHAR(100) NOT NULL,\n",
    "    phone_number VARCHAR(15),\n",
    "    email VARCHAR(100),\n",
    "    hosp_nis INTEGER,\n",
    "    FOREIGN KEY (hosp_nis) REFERENCES public.hospital_info(hosp_nis)\n",
    ");"
   ]
  },
  {
   "cell_type": "markdown",
   "id": "fa675886",
   "metadata": {},
   "source": [
    "## Inserting Rows"
   ]
  },
  {
   "cell_type": "markdown",
   "id": "f313320a",
   "metadata": {},
   "source": [
    "### Hospital Table\n",
    "INSERT INTO public.hospital_info (hosp_nis, hosp_bedsize, hosp_division, h_contrl, total_disc)\n",
    "VALUES \n",
    "(1, 500, 'East Division', 'Private', 200),\n",
    "(2, 250, 'West Division', 'Government', 150),\n",
    "(3, 350, 'South Division', 'Private', 180),\n",
    "(4, 400, 'North Division', 'Government', 220),\n",
    "(5, 300, 'Central Division', 'Private', 190),\n",
    "(6, 450, 'West Division', 'Private', 250),\n",
    "(7, 200, 'East Division', 'Government', 100),\n",
    "(8, 600, 'South Division', 'Private', 300),\n",
    "(9, 550, 'North Division', 'Government', 280),\n",
    "(10, 500, 'Central Division', 'Private', 210);\n",
    "\n",
    "### Patient data\n",
    "INSERT INTO public.patient_data (hosp_nis, age, died, drg, female, hosp_division, i10_dx1, i10_pr1, key_nis, los, pay1, race, totchg) \n",
    "VALUES \n",
    "(1, 68, 0, 101, 'F', 'East Division', 'A01', 'B01', 1001, 5, 1, 1, 20000),\n",
    "(2, 54, 0, 102, 'M', 'West Division', 'A02', 'B02', 1002, 3, 2, 2, 15000),\n",
    "(3, 45, 0, 103, 'F', 'South Division', 'A03', 'B03', 1003, 7, 1, 3, 18000),\n",
    "(4, 29, 1, 104, 'M', 'North Division', 'A04', 'B04', 1004, 6, 3, 2, 22000),\n",
    "(5, 39, 0, 105, 'F', 'Central Division', 'A05', 'B05', 1005, 4, 2, 1, 13000),\n",
    "(6, 50, 0, 106, 'M', 'West Division', 'A06', 'B06', 1006, 8, 3, 3, 17500),\n",
    "(7, 72, 0, 107, 'F', 'East Division', 'A07', 'B07', 1007, 5, 2, 2, 19000),\n",
    "(8, 60, 0, 108, 'M', 'South Division', 'A08', 'B08', 1008, 7, 1, 1, 22000),\n",
    "(9, 33, 0, 109, 'F', 'North Division', 'A09', 'B09', 1009, 3, 3, 3, 16000),\n",
    "(10, 48, 1, 110, 'M', 'Central Division', 'A10', 'B10', 1010, 4, 2, 2, 20000),\n",
    "(1, 51, 0, 111, 'M', 'East Division', 'A11', 'B11', 1011, 6, 1, 3, 23000),\n",
    "(2, 59, 0, 112, 'F', 'West Division', 'A12', 'B12', 1012, 3, 2, 1, 18000),\n",
    "(3, 42, 0, 113, 'M', 'South Division', 'A13', 'B13', 1013, 5, 1, 2, 17000),\n",
    "(4, 30, 0, 114, 'F', 'North Division', 'A14', 'B14', 1014, 4, 3, 3, 15000),\n",
    "(5, 66, 1, 115, 'M', 'Central Division', 'A15', 'B15', 1015, 7, 2, 1, 20000),\n",
    "(6, 44, 0, 116, 'F', 'West Division', 'A16', 'B16', 1016, 3, 1, 3, 21000),\n",
    "(7, 38, 0, 117, 'M', 'East Division', 'A17', 'B17', 1017, 6, 2, 2, 25000),\n",
    "(8, 55, 0, 118, 'F', 'South Division', 'A18', 'B18', 1018, 5, 3, 1, 14000),\n",
    "(9, 63, 0, 119, 'M', 'North Division', 'A19', 'B19', 1019, 3, 1, 2, 19000),\n",
    "(10, 36, 1, 120, 'F', 'Central Division', 'A20', 'B20', 1020, 4, 3, 3, 12000),\n",
    "(1, 28, 0, 121, 'F', 'East Division', 'A21', 'B21', 1021, 7, 2, 1, 21000),\n",
    "(2, 69, 0, 122, 'M', 'West Division', 'A22', 'B22', 1022, 6, 3, 3, 20000),\n",
    "(3, 40, 1, 123, 'F', 'South Division', 'A23', 'B23', 1023, 3, 1, 2, 17000),\n",
    "(4, 53, 0, 124, 'M', 'North Division', 'A24', 'B24', 1024, 5, 2, 1, 14000),\n",
    "(5, 35, 0, 125, 'F', 'Central Division', 'A25', 'B25', 1025, 4, 3, 3, 16000),\n",
    "(6, 67, 1, 126, 'M', 'West Division', 'A26', 'B26', 1026, 6, 1, 2, 15000),\n",
    "(7, 61, 0, 127, 'F', 'East Division', 'A27', 'B27', 1027, 5, 2, 1, 18000),\n",
    "(8, 29, 1, 128, 'M', 'South Division', 'A28', 'B28', 1028, 4, 3, 3, 19000),\n",
    "(9, 47, 0, 129, 'F', 'North Division', 'A29', 'B29', 1029, 7, 2, 2, 20000),\n",
    "(10, 41, 0, 130, 'M', 'Central Division', 'A30', 'B30', 1030, 3, 1, 3, 17000),\n",
    "(1, 39, 1, 131, 'F', 'East Division', 'A31', 'B31', 1031, 5, 2, 1, 16000),\n",
    "(2, 62, 0, 132, 'M', 'West Division', 'A32', 'B32', 1032, 4, 3, 3, 15000),\n",
    "(3, 58, 1, 133, 'F', 'South Division', 'A33', 'B33', 1033, 6, 1, 2, 22000),\n",
    "(4, 32, 0, 134, 'M', 'North Division', 'A34', 'B34', 1034, 7, 2, 1, 23000),\n",
    "(5, 45, 0, 135, 'F', 'Central Division', 'A35', 'B35', 1035, 3, 3, 3, 14000),\n",
    "(6, 34, 0, 136, 'M', 'West Division', 'A36', 'B36', 1036, 5, 2, 1, 15000),\n",
    "(7, 48, 1, 137, 'F', 'East Division', 'A37', 'B37', 1037, 6, 1, 2, 12000),\n",
    "(8, 30, 0, 138, 'M', 'South Division', 'A38', 'B38', 1038, 4, 3, 3, 14000),\n",
    "(9, 70, 0, 139, 'F', 'North Division', 'A39', 'B39', 1039, 7, 2, 1, 18000),\n",
    "(10, 33, 0, 140, 'M', 'Central Division', 'A40', 'B40', 1040, 5, 1, 2, 16000),\n",
    "(1, 56, 0, 141, 'F', 'East Division', 'A41', 'B41', 1041, 3, 3, 3, 19000),\n",
    "(2, 25, 0, 142, 'M', 'West Division', 'A42', 'B42', 1042, 4, 2, 2, 17000),\n",
    "(3, 51, 0, 143, 'F', 'South Division', 'A43', 'B43', 1043, 6, 1, 1, 16000),\n",
    "(4, 64, 1, 144, 'M', 'North Division', 'A44', 'B44', 1044, 7, 2, 3, 21000),\n",
    "(5, 49, 0, 145, 'F', 'Central Division', 'A45', 'B45', 1045, 4, 2, 1, 23000),\n",
    "(6, 59, 1, 146, 'M', 'West Division', 'A46', 'B46', 1046, 5, 1, 2, 19000),\n",
    "(7, 34, 0, 147, 'F', 'East Division', 'A47', 'B47', 1047, 6, 3, 3, 15000),\n",
    "(8, 50, 0, 148, 'M', 'South Division', 'A48', 'B48', 1048, 3, 2, 2, 16000),\n",
    "(9, 40, 0, 149, 'F', 'North Division', 'A49', 'B49', 1049, 7, 1, 1, 22000),\n",
    "(10, 67, 1, 150, 'M', 'Central Division', 'A50', 'B50', 1050, 5, 3, 3, 24000);\n",
    "\n",
    "### Hospital_severity\n",
    "INSERT INTO public.hospital_severity (hosp_nis, key_nis, aprdrg, aprdrg_severity) \n",
    "VALUES\n",
    "(1, 1001, 101, 'Moderate'),\n",
    "(2, 1002, 102, 'Severe'),\n",
    "(3, 1003, 103, 'Low'),\n",
    "(4, 1004, 104, 'Critical'),\n",
    "(5, 1005, 105, 'Moderate'),\n",
    "(6, 1006, 106, 'Severe'),\n",
    "(7, 1007, 107, 'Low'),\n",
    "(8, 1008, 108, 'Critical'),\n",
    "(9, 1009, 109, 'Moderate'),\n",
    "(10, 1010, 110, 'Severe'),\n",
    "(1, 1011, 111, 'Low'),\n",
    "(2, 1012, 112, 'Moderate'),\n",
    "(3, 1013, 113, 'Critical'),\n",
    "(4, 1014, 114, 'Low'),\n",
    "(5, 1015, 115, 'Moderate'),\n",
    "(6, 1016, 116, 'Severe'),\n",
    "(7, 1017, 117, 'Critical'),\n",
    "(8, 1018, 118, 'Low'),\n",
    "(9, 1019, 119, 'Moderate'),\n",
    "(10, 1020, 120, 'Severe'),\n",
    "(1, 1021, 121, 'Critical'),\n",
    "(2, 1022, 122, 'Low'),\n",
    "(3, 1023, 123, 'Moderate'),\n",
    "(4, 1024, 124, 'Severe'),\n",
    "(5, 1025, 125, 'Critical'),\n",
    "(6, 1026, 126, 'Low'),\n",
    "(7, 1027, 127, 'Moderate'),\n",
    "(8, 1028, 128, 'Severe'),\n",
    "(9, 1029, 129, 'Critical'),\n",
    "(10, 1030, 130, 'Low'),\n",
    "(1, 1031, 131, 'Moderate'),\n",
    "(2, 1032, 132, 'Severe'),\n",
    "(3, 1033, 133, 'Critical'),\n",
    "(4, 1034, 134, 'Low'),\n",
    "(5, 1035, 135, 'Moderate'),\n",
    "(6, 1036, 136, 'Severe'),\n",
    "(7, 1037, 137, 'Critical'),\n",
    "(8, 1038, 138, 'Low'),\n",
    "(9, 1039, 139, 'Moderate'),\n",
    "(10, 1040, 140, 'Severe'),\n",
    "(1, 1041, 141, 'Critical'),\n",
    "(2, 1042, 142, 'Low'),\n",
    "(3, 1043, 143, 'Moderate'),\n",
    "(4, 1044, 144, 'Severe'),\n",
    "(5, 1045, 145, 'Critical'),\n",
    "(6, 1046, 146, 'Low'),\n",
    "(7, 1047, 147, 'Moderate'),\n",
    "(8, 1048, 148, 'Severe'),\n",
    "(9, 1049, 149, 'Critical'),\n",
    "(10, 1050, 150, 'Moderate');\n",
    "\n",
    "### Doctor details\n",
    "\n",
    "INSERT INTO public.doctor_details (doctor_name, specialty, phone_number, email, hosp_nis)\n",
    "VALUES \n",
    "('Dr. John Smith', 'Cardiology', '555-1234', 'john.smith@hospital.com', 1),\n",
    "('Dr. Emily Brown', 'Neurology', '555-5678', 'emily.brown@hospital.com', 2),\n",
    "('Dr. Michael Davis', 'Orthopedics', '555-9876', 'michael.davis@hospital.com', 3),\n",
    "('Dr. Laura White', 'Pediatrics', '555-5432', 'laura.white@hospital.com', 4),\n",
    "('Dr. David Harris', 'General Surgery', '555-6543', 'david.harris@hospital.com', 5),\n",
    "('Dr. Alice Green', 'Dermatology', '555-7654', 'alice.green@hospital.com', 6),\n",
    "('Dr. Jack Wilson', 'ENT', '555-8765', 'jack.wilson@hospital.com', 7),\n",
    "('Dr. Sarah Johnson', 'Radiology', '555-9870', 'sarah.johnson@hospital.com', 8),\n",
    "('Dr. Robert Lee', 'Anesthesiology', '555-0987', 'robert.lee@hospital.com', 9),\n",
    "('Dr. Jennifer Taylor', 'Cardiology', '555-5674', 'jennifer.taylor@hospital.com', 10),\n",
    "('Dr. James Brown', 'Neurology', '555-5688', 'james.brown@hospital.com', 1),\n",
    "('Dr. Karen Black', 'Orthopedics', '555-5567', 'karen.black@hospital.com', 2),\n",
    "('Dr. Steve Young', 'Pediatrics', '555-5654', 'steve.young@hospital.com', 3),\n",
    "('Dr. Susan Green', 'General Surgery', '555-6540', 'susan.green@hospital.com', 4),\n",
    "('Dr. Mark King', 'Dermatology', '555-9001', 'mark.king@hospital.com', 5),\n",
    "('Dr. Emma Collins', 'ENT', '555-8541', 'emma.collins@hospital.com', 6),\n",
    "('Dr. Brian White', 'Radiology', '555-7563', 'brian.white@hospital.com', 7),\n",
    "('Dr. Olivia Moore', 'Anesthesiology', '555-1222', 'olivia.moore@hospital.com', 8),\n",
    "('Dr. Daniel Evans', 'Orthopedics', '555-1333', 'daniel.evans@hospital.com', 9),\n",
    "('Dr. Grace Allen', 'Pediatrics', '555-1444', 'grace.allen@hospital.com', 10);\n",
    "\n",
    "### Appointment_details\n",
    "\n",
    "INSERT INTO public.appointment_details (key_nis, hosp_nis, doctor_id, appointment_date, purpose) \n",
    "VALUES\n",
    "(1001, 1, 1, '2024-09-20', 'Follow-up for heart condition'),\n",
    "(1002, 2, 2, '2024-09-21', 'Consultation for migraine'),\n",
    "(1003, 3, 3, '2024-09-22', 'Back pain treatment'),\n",
    "(1004, 4, 4, '2024-09-23', 'Routine check-up'),\n",
    "(1005, 5, 5, '2024-09-24', 'Surgery follow-up'),\n",
    "(1006, 6, 6, '2024-09-25', 'Skin condition consultation'),\n",
    "(1007, 7, 7, '2024-09-26', 'ENT consultation'),\n",
    "(1008, 8, 8, '2024-09-27', 'Radiology scan'),\n",
    "(1009, 9, 9, '2024-09-28', 'Anesthesia pre-surgery consult'),\n",
    "(1010, 10, 10, '2024-09-29', 'Cardiology consultation'),\n",
    "(1011, 1, 11, '2024-09-30', 'Follow-up for heart condition'),\n",
    "(1012, 2, 12, '2024-10-01', 'Consultation for migraine'),\n",
    "(1013, 3, 13, '2024-10-02', 'Back pain treatment'),\n",
    "(1014, 4, 14, '2024-10-03', 'Routine check-up'),\n",
    "(1015, 5, 15, '2024-10-04', 'Surgery follow-up'),\n",
    "(1016, 6, 16, '2024-10-05', 'Skin condition consultation'),\n",
    "(1017, 7, 17, '2024-10-06', 'ENT consultation'),\n",
    "(1018, 8, 18, '2024-10-07', 'Radiology scan'),\n",
    "(1019, 9, 19, '2024-10-08', 'Anesthesia pre-surgery consult'),\n",
    "(1020, 10, 20, '2024-10-09', 'Cardiology consultation'),\n",
    "(1021, 1, 1, '2024-10-10', 'Consultation for heart condition'),\n",
    "(1022, 2, 2, '2024-10-11', 'Consultation for migraine'),\n",
    "(1023, 3, 3, '2024-10-12', 'Back pain follow-up'),\n",
    "(1024, 4, 4, '2024-10-13', 'Routine child check-up'),\n",
    "(1025, 5, 5, '2024-10-14', 'Post-surgery consultation'),\n",
    "(1026, 6, 6, '2024-10-15', 'Follow-up for skin condition'),\n",
    "(1027, 7, 7, '2024-10-16', 'ENT surgery follow-up'),\n",
    "(1028, 8, 8, '2024-10-17', 'Routine radiology check'),\n",
    "(1029, 9, 9, '2024-10-18', 'Pre-surgery anesthesia consultation'),\n",
    "(1030, 10, 10, '2024-10-19', 'Cardiology follow-up'),\n",
    "(1031, 1, 11, '2024-10-20', 'Heart condition consultation'),\n",
    "(1032, 2, 12, '2024-10-21', 'Migraine treatment follow-up'),\n",
    "(1033, 3, 13, '2024-10-22', 'Back pain consultation'),\n",
    "(1034, 4, 14, '2024-10-23', 'Routine check-up for child'),\n",
    "(1035, 5, 15, '2024-10-24', 'Post-surgery treatment'),\n",
    "(1036, 6, 16, '2024-10-25', 'Skin condition follow-up'),\n",
    "(1037, 7, 17, '2024-10-26', 'ENT follow-up'),\n",
    "(1038, 8, 18, '2024-10-27', 'Radiology scan follow-up'),\n",
    "(1039, 9, 19, '2024-10-28', 'Anesthesia pre-op consultation'),\n",
    "(1040, 10, 20, '2024-10-29', 'Cardiology surgery follow-up'),\n",
    "(1041, 1, 1, '2024-10-30', 'Heart treatment follow-up'),\n",
    "(1042, 2, 2, '2024-10-31', 'Consultation for migraine follow-up'),\n",
    "(1043, 3, 3, '2024-11-01', 'Back pain consultation'),\n",
    "(1044, 4, 4, '2024-11-02', 'Child routine check-up'),\n",
    "(1045, 5, 5, '2024-11-03', 'Post-surgery consultation'),\n",
    "(1046, 6, 6, '2024-11-04', 'Skin condition treatment'),\n",
    "(1047, 7, 7, '2024-11-05', 'ENT treatment consultation'),\n",
    "(1048, 8, 8, '2024-11-06', 'Radiology follow-up'),\n",
    "(1049, 9, 9, '2024-11-07', 'Pre-surgery anesthesia consultation'),\n",
    "(1050, 10, 10, '2024-11-08', 'Cardiology follow-up');"
   ]
  },
  {
   "cell_type": "markdown",
   "id": "06b257bb",
   "metadata": {},
   "source": [
    "### Query 1: Retrieve All Patients with Their Doctors and Severity Levels\n",
    "\n",
    "EXPLAIN ANALYZE \n",
    "SELECT p.hosp_nis, p.key_nis, d.doctor_name, hs.aprdrg_severity\n",
    "FROM patient_data p\n",
    "JOIN appointment_details ad ON p.key_nis = ad.key_nis\n",
    "JOIN doctor_details d ON ad.doctor_id = d.doctor_id\n",
    "JOIN hospital_severity hs ON p.key_nis = hs.key_nis;\n",
    "\n",
    "Result\n",
    "\n",
    "#### QUERY PLAN\n",
    "\n",
    "Hash Join  (cost=19.93..33.39 rows=140 width=230) (actual time=0.855..0.921 rows=50 loops=1)\n",
    "  Hash Cond: (ad.key_nis = p.key_nis)\n",
    "  ->  Hash Join  (cost=15.70..28.89 rows=99 width=230) (actual time=0.114..0.166 rows=50 loops=1)\n",
    "        Hash Cond: (ad.doctor_id = d.doctor_id)\n",
    "        ->  Hash Join  (cost=3.23..16.14 rows=99 width=16) (actual time=0.064..0.102 rows=50 loops=1)\n",
    "              Hash Cond: (ad.key_nis = hs.key_nis)\n",
    "              ->  Seq Scan on appointment_details ad  (cost=0.00..11.40 rows=140 width=8) (actual time=0.013..0.017 rows=50 loops=1)\n",
    "              ->  Hash  (cost=1.99..1.99 rows=99 width=8) (actual time=0.040..0.040 rows=99 loops=1)\n",
    "                    Buckets: 1024  Batches: 1  Memory Usage: 13kB\n",
    "                    ->  Seq Scan on hospital_severity hs  (cost=0.00..1.99 rows=99 width=8) (actual time=0.008..0.020 rows=99 loops=1)\n",
    "        ->  Hash  (cost=11.10..11.10 rows=110 width=222) (actual time=0.014..0.014 rows=20 loops=1)\n",
    "              Buckets: 1024  Batches: 1  Memory Usage: 10kB\n",
    "              ->  Seq Scan on doctor_details d  (cost=0.00..11.10 rows=110 width=222) (actual time=0.005..0.008 rows=20 loops=1)\n",
    "  ->  Hash  (cost=2.99..2.99 rows=99 width=8) (actual time=0.323..0.324 rows=99 loops=1)\n",
    "        Buckets: 1024  Batches: 1  Memory Usage: 12kB\n",
    "        ->  Seq Scan on patient_data p  (cost=0.00..2.99 rows=99 width=8) (actual time=0.014..0.109 rows=99 loops=1)\n",
    "        \n",
    "Planning Time: 3.572 ms\n",
    "Execution Time: 0.999 ms\n",
    "\n",
    "#### ANALYSIS\n",
    "\n",
    "1.\tHash Joins are used for joining multiple tables (appointment_details, hospital_severity, doctor_details, and patient_data). These joins are efficient because hash joins are typically used when both tables are fully scanned, and the data is relatively small.\n",
    "2.\tSequential Scans are performed on all the tables. Since the dataset is small, the query planner determined that sequential scans are faster than using indexes in this case.\n",
    "3.\tExecution time is 0.999ms\n",
    "\n",
    "\n",
    "#### With Indexing\n",
    "\n",
    "CREATE INDEX idx_patient_data_key_nis ON patient_data (key_nis);\n",
    "CREATE INDEX idx_appointment_details_key_nis ON appointment_details (key_nis);\n",
    "CREATE INDEX idx_appointment_details_doctor_id ON appointment_details (doctor_id);\n",
    "CREATE INDEX idx_doctor_details_doctor_id ON doctor_details (doctor_id);\n",
    "CREATE INDEX idx_hospital_severity_key_nis ON hospital_severity (key_nis);\n",
    "\n",
    "EXPLAIN ANALYZE\n",
    "SELECT p.hosp_nis, p.key_nis, d.doctor_name, hs.aprdrg_severity\n",
    "FROM patient_data p\n",
    "JOIN appointment_details ad ON p.key_nis = ad.key_nis\n",
    "JOIN doctor_details d ON ad.doctor_id = d.doctor_id\n",
    "JOIN hospital_severity hs ON p.key_nis = hs.key_nis;\n",
    "\n",
    "\n",
    "Result\n",
    "\n",
    "#### QUERY PLAN\n",
    "\n",
    "Hash Join  (cost=7.80..10.95 rows=50 width=230) (actual time=0.151..0.205 rows=50 loops=1)\n",
    "  Hash Cond: (ad.doctor_id = d.doctor_id)\n",
    "  ->  Hash Join  (cost=6.35..9.36 rows=50 width=16) (actual time=0.118..0.157 rows=50 loops=1)\n",
    "        Hash Cond: (ad.key_nis = p.key_nis)\n",
    "        ->  Hash Join  (cost=2.12..4.99 rows=50 width=16) (actual time=0.050..0.073 rows=50 loops=1)\n",
    "              Hash Cond: (hs.key_nis = ad.key_nis)\n",
    "              ->  Seq Scan on hospital_severity hs  (cost=0.00..1.99 rows=99 width=8) (actual time=0.002..0.011 rows=99 loops=1)\n",
    "              ->  Hash  (cost=1.50..1.50 rows=50 width=8) (actual time=0.022..0.023 rows=50 loops=1)\n",
    "                    Buckets: 1024  Batches: 1  Memory Usage: 10kB\n",
    "                    ->  Seq Scan on appointment_details ad  (cost=0.00..1.50 rows=50 width=8) (actual time=0.003..0.011 rows=50 loops=1)\n",
    "        ->  Hash  (cost=2.99..2.99 rows=99 width=8) (actual time=0.048..0.048 rows=99 loops=1)\n",
    "              Buckets: 1024  Batches: 1  Memory Usage: 12kB\n",
    "              ->  Seq Scan on patient_data p  (cost=0.00..2.99 rows=99 width=8) (actual time=0.004..0.022 rows=99 loops=1)\n",
    "  ->  Hash  (cost=1.20..1.20 rows=20 width=222) (actual time=0.021..0.021 rows=20 loops=1)\n",
    "        Buckets: 1024  Batches: 1  Memory Usage: 10kB\n",
    "        ->  Seq Scan on doctor_details d  (cost=0.00..1.20 rows=20 width=222) (actual time=0.008..0.011 rows=20 loops=1)\n",
    "        \n",
    "Planning Time: 2.780 ms\n",
    "Execution Time: 0.253 ms\n",
    "\n",
    "\n",
    "#### ANALYSIS\n",
    "\n",
    "1.\tEfficient Hash Joins: The hash joins used in this query are highly efficient given the data sizes. The costs are relatively low, and execution times are fast, indicating that the joins are optimal.\n",
    "2.\tSequential Scans: The plan shows sequential scans on all tables, which is appropriate when the data size is small or when indexes are not available. The sequential scans are fast and do not seem to cause performance bottlenecks in this query.\n",
    "3.\tExecution Time: The total execution time is 0.253 ms, which is very fast. This indicates that the query is efficient, likely due to the relatively small size of the tables involved."
   ]
  },
  {
   "cell_type": "markdown",
   "id": "02ee0585",
   "metadata": {},
   "source": [
    "### Query 2: Count the Number of Patients per Severity Level\n",
    "\n",
    "EXPLAIN ANALYZE \n",
    "SELECT hs.aprdrg_severity, COUNT(p.key_nis) AS patient_count\n",
    "FROM patient_data p\n",
    "JOIN hospital_severity hs ON p.key_nis = hs.key_nis\n",
    "GROUP BY hs.aprdrg_severity;\n",
    "\n",
    "Result\n",
    "\n",
    "##### QUERY PLAN\n",
    "\n",
    "HashAggregate  (cost=6.98..7.06 rows=8 width=12) (actual time=0.742..0.747 rows=8 loops=1)\n",
    "  Group Key: hs.aprdrg_severity\n",
    "  Batches: 1  Memory Usage: 24kB\n",
    "  ->  Hash Join  (cost=4.23..6.49 rows=99 width=8) (actual time=0.044..0.104 rows=99 loops=1)\n",
    "        Hash Cond: (hs.key_nis = p.key_nis)\n",
    "        ->  Seq Scan on hospital_severity hs  (cost=0.00..1.99 rows=99 width=8) (actual time=0.006..0.021 rows=99 loops=1)\n",
    "        ->  Hash  (cost=2.99..2.99 rows=99 width=4) (actual time=0.021..0.022 rows=99 loops=1)\n",
    "              Buckets: 1024  Batches: 1  Memory Usage: 12kB\n",
    "              ->  Seq Scan on patient_data p  (cost=0.00..2.99 rows=99 width=4) (actual time=0.004..0.012 rows=99 loops=1)\n",
    "              \n",
    "Planning Time: 0.279 ms\n",
    "Execution Time: 0.830 ms\n",
    "\n",
    "\n",
    "##### ANALYSIS\n",
    "\n",
    "1. HashAggregate: This node is responsible for the GROUP BY operation. It efficiently aggregates the data by the aprdrg_severity field and counts the number of rows per severity level.\n",
    "2. Hash Join: The use of a Hash Join indicates that both tables (hospital_severity and patient_data) are fully scanned and then joined using an in-memory hash table. This is efficient when both tables are relatively small and can fit into memory.\n",
    "3. Sequential Scans: Both the hospital_severity and patient_data tables were scanned sequentially. This is expected for small datasets, as using an index could be less efficient when the entire table can be read quickly.\n",
    "\n",
    "#### WITH INDEXING\n",
    "\n",
    "CREATE INDEX idx_patient_data_key_nis ON patient_data (key_nis);\n",
    "CREATE INDEX idx_hospital_severity_key_nis ON hospital_severity (key_nis);\n",
    "CREATE INDEX idx_hospital_severity_aprdrg_severity ON hospital_severity (aprdrg_severity);\n",
    "EXPLAIN ANALYZE\n",
    "SELECT hs.aprdrg_severity, COUNT(p.key_nis) AS patient_count\n",
    "FROM patient_data p\n",
    "JOIN hospital_severity hs ON p.key_nis = hs.key_nis\n",
    "GROUP BY hs.aprdrg_severity;\n",
    "\n",
    "RESULT\n",
    "\n",
    "#### QUERY PLAN\n",
    "\n",
    "HashAggregate  (cost=6.98..7.06 rows=8 width=12) (actual time=0.266..0.271 rows=8 loops=1)\n",
    "  Group Key: hs.aprdrg_severity\n",
    "  Batches: 1  Memory Usage: 24kB\n",
    "  ->  Hash Join  (cost=4.23..6.49 rows=99 width=8) (actual time=0.054..0.093 rows=99 loops=1)\n",
    "        Hash Cond: (hs.key_nis = p.key_nis)\n",
    "        ->  Seq Scan on hospital_severity hs  (cost=0.00..1.99 rows=99 width=8) (actual time=0.006..0.014 rows=99 loops=1)\n",
    "        ->  Hash  (cost=2.99..2.99 rows=99 width=4) (actual time=0.037..0.038 rows=99 loops=1)\n",
    "              Buckets: 1024  Batches: 1  Memory Usage: 12kB\n",
    "              ->  Seq Scan on patient_data p  (cost=0.00..2.99 rows=99 width=4) (actual time=0.005..0.020 rows=99 loops=1)\n",
    "              \n",
    "Planning Time: 0.437 ms\n",
    "Execution Time: 0.313 ms\n",
    "\n",
    "\n",
    "\n",
    "#### ANALYSIS\n",
    "\n",
    "•  Efficient Aggregation: The hash-based aggregation (HashAggregate) for grouping the data by aprdrg_severity is fast and consumes minimal resources.\n",
    "•  Efficient Joins: The query uses a hash join to efficiently combine the hospital_severity and patient_data tables. The join is performed efficiently, with both tables being scanned sequentially.\n",
    "•  Sequential Scans: The sequential scans on both hospital_severity and patient_data are fast due to the small dataset size (99 rows). For larger datasets, an index on the key_nis column would improve performance by avoiding full table scans.\n",
    "Execution time reduced from 0.830 to 0.313\n"
   ]
  },
  {
   "cell_type": "markdown",
   "id": "7cbb8b8b",
   "metadata": {},
   "source": [
    "### Query 3: Retrieve Patients Admitted to Specific Hospitals\n",
    "\n",
    "EXPLAIN ANALYZE \n",
    "SELECT p.hosp_nis, p.key_nis, d.doctor_name, hs.aprdrg_severity\n",
    "FROM patient_data p\n",
    "JOIN appointment_details ad ON p.key_nis = ad.key_nis\n",
    "JOIN doctor_details d ON ad.doctor_id = d.doctor_id\n",
    "JOIN hospital_severity hs ON p.key_nis = hs.key_nis\n",
    "WHERE p.hosp_nis > 5;\n",
    "\n",
    "\n",
    "Result\n",
    "\n",
    "#### QUERY PLAN\n",
    "\n",
    "Hash Join  (cost=19.82..32.78 rows=105 width=230) (actual time=0.212..0.246 rows=25 loops=1)\n",
    "  Hash Cond: (ad.doctor_id = d.doctor_id)\n",
    "  ->  Hash Join  (cost=7.35..20.01 rows=105 width=16) (actual time=0.187..0.211 rows=25 loops=1)\n",
    "        Hash Cond: (ad.key_nis = p.key_nis)\n",
    "        ->  Seq Scan on appointment_details ad  (cost=0.00..11.40 rows=140 width=8) (actual time=0.019..0.026 rows=50 loops=1)\n",
    "        ->  Hash  (cost=6.42..6.42 rows=74 width=16) (actual time=0.154..0.156 rows=74 loops=1)\n",
    "              Buckets: 1024  Batches: 1  Memory Usage: 12kB\n",
    "              ->  Hash Join  (cost=4.16..6.42 rows=74 width=16) (actual time=0.081..0.130 rows=74 loops=1)\n",
    "                    Hash Cond: (hs.key_nis = p.key_nis)\n",
    "                    ->  Seq Scan on hospital_severity hs  (cost=0.00..1.99 rows=99 width=8) (actual time=0.008..0.020 rows=99 loops=1)\n",
    "                    ->  Hash  (cost=3.24..3.24 rows=74 width=8) (actual time=0.065..0.066 rows=74 loops=1)\n",
    "                          Buckets: 1024  Batches: 1  Memory Usage: 11kB\n",
    "                          ->  Seq Scan on patient_data p  (cost=0.00..3.24 rows=74 width=8) (actual time=0.012..0.040 rows=74 loops=1)\n",
    "                                Filter: (hosp_nis > 5)\n",
    "                                Rows Removed by Filter: 25\n",
    "  ->  Hash  (cost=11.10..11.10 rows=110 width=222) (actual time=0.018..0.019 rows=20 loops=1)\n",
    "        Buckets: 1024  Batches: 1  Memory Usage: 10kB\n",
    "        ->  Seq Scan on doctor_details d  (cost=0.00..11.10 rows=110 width=222) (actual time=0.007..0.011 rows=20 loops=1)\n",
    "        \n",
    "Planning Time: 0.867 ms\n",
    "Execution Time: 0.381 ms\n",
    "\n",
    "#### ANALYSIS\n",
    "\n",
    "1. Hash Join: Multiple hash joins are used to join the tables (patient_data, hospital_severity, appointment_details, doctor_details), which is efficient for smaller datasets where all data can fit into memory.\n",
    "2.\tSequential Scans: Sequential scans are used for all the tables. This is optimal for small datasets because a sequential scan can read the entire table quickly without the overhead of indexing.\n",
    "\n",
    "\n",
    "#### AFTER INDEXING\n",
    "\n",
    "CREATE INDEX idx_patient_data_key_nis ON patient_data (key_nis);\n",
    "CREATE INDEX idx_patient_data_hosp_nis ON patient_data (hosp_nis);\n",
    "CREATE INDEX idx_appointment_details_key_nis ON appointment_details (key_nis);\n",
    "CREATE INDEX idx_appointment_details_doctor_id ON appointment_details (doctor_id);\n",
    "CREATE INDEX idx_doctor_details_doctor_id ON doctor_details (doctor_id);\n",
    "CREATE INDEX idx_hospital_severity_key_nis ON hospital_severity (key_nis);\n",
    "EXPLAIN ANALYZE\n",
    "SELECT p.hosp_nis, p.key_nis, d.doctor_name, hs.aprdrg_severity\n",
    "FROM patient_data p\n",
    "JOIN appointment_details ad ON p.key_nis = ad.key_nis\n",
    "JOIN doctor_details d ON ad.doctor_id = d.doctor_id\n",
    "JOIN hospital_severity hs ON p.key_nis = hs.key_nis\n",
    "WHERE p.hosp_nis > 5;\n",
    "\n",
    "RESULT\n",
    "\n",
    "#### QUERY PLAN\n",
    "\n",
    "Hash Join  (cost=7.72..10.56 rows=37 width=230) (actual time=0.122..0.147 rows=25 loops=1)\n",
    "  Hash Cond: (ad.doctor_id = d.doctor_id)\n",
    "  ->  Hash Join  (cost=6.27..9.00 rows=37 width=16) (actual time=0.095..0.112 rows=25 loops=1)\n",
    "        Hash Cond: (hs.key_nis = p.key_nis)\n",
    "        ->  Seq Scan on hospital_severity hs  (cost=0.00..1.99 rows=99 width=8) (actual time=0.002..0.011 rows=99 loops=1)\n",
    "        ->  Hash  (cost=5.80..5.80 rows=37 width=16) (actual time=0.078..0.079 rows=25 loops=1)\n",
    "              Buckets: 1024  Batches: 1  Memory Usage: 10kB\n",
    "              ->  Hash Join  (cost=4.16..5.80 rows=37 width=16) (actual time=0.055..0.070 rows=25 loops=1)\n",
    "                    Hash Cond: (ad.key_nis = p.key_nis)\n",
    "                    ->  Seq Scan on appointment_details ad  (cost=0.00..1.50 rows=50 width=8) (actual time=0.004..0.008 rows=50 loops=1)\n",
    "                    ->  Hash  (cost=3.24..3.24 rows=74 width=8) (actual time=0.042..0.042 rows=74 loops=1)\n",
    "                          Buckets: 1024  Batches: 1  Memory Usage: 11kB\n",
    "                          ->  Seq Scan on patient_data p  (cost=0.00..3.24 rows=74 width=8) (actual time=0.005..0.025 rows=74 loops=1)\n",
    "                                Filter: (hosp_nis > 5)\n",
    "                                Rows Removed by Filter: 25\n",
    "  ->  Hash  (cost=1.20..1.20 rows=20 width=222) (actual time=0.021..0.022 rows=20 loops=1)\n",
    "        Buckets: 1024  Batches: 1  Memory Usage: 10kB\n",
    "        ->  Seq Scan on doctor_details d  (cost=0.00..1.20 rows=20 width=222) (actual time=0.009..0.012 rows=20 loops=1)\n",
    "        \n",
    "Planning Time: 0.742 ms\n",
    "Execution Time: 0.182 ms\n",
    "\n",
    "\n",
    "#### ANALYSIS\n",
    "\n",
    "•  Efficient Hash Joins: The query relies on hash joins for combining the tables, and these joins are very efficient, especially given the relatively small data sizes.\n",
    "•  Sequential Scans: Sequential scans are used on all the tables, but this is not a performance issue in this case since all the tables have small row counts (99, 50, 74, and 20 rows respectively). For larger datasets, these sequential scans could become a bottleneck, and indexing might be required.\n",
    "•  Filtering: The WHERE clause (hosp_nis > 5) filters out 25 rows from patient_data, allowing the query to process fewer rows. This operation is handled efficiently with sequential scanning.\n",
    "\n",
    "Execution time reduced from 0.381 to 0.182"
   ]
  },
  {
   "cell_type": "markdown",
   "id": "476d2395",
   "metadata": {},
   "source": [
    "### Query 4: Find the Total Number of Appointments for Each Doctor\n",
    "\n",
    "EXPLAIN ANALYZE \n",
    "SELECT d.doctor_name, COUNT(ad.appointment_id) AS total_appointments\n",
    "FROM doctor_details d\n",
    "JOIN appointment_details ad ON d.doctor_id = ad.doctor_id\n",
    "GROUP BY d.doctor_name;\n",
    "\n",
    "Result\n",
    "\n",
    "#### QUERY PLAN\n",
    "\n",
    "HashAggregate  (cost=24.95..26.05 rows=110 width=226) (actual time=0.369..0.380 rows=20 loops=1)\n",
    "  Group Key: d.doctor_name\n",
    "  Batches: 1  Memory Usage: 24kB\n",
    "  ->  Hash Join  (cost=12.47..24.25 rows=140 width=222) (actual time=0.221..0.258 rows=50 loops=1)\n",
    "        Hash Cond: (ad.doctor_id = d.doctor_id)\n",
    "        ->  Seq Scan on appointment_details ad  (cost=0.00..11.40 rows=140 width=8) (actual time=0.030..0.038 rows=50 loops=1)\n",
    "        ->  Hash  (cost=11.10..11.10 rows=110 width=222) (actual time=0.118..0.119 rows=20 loops=1)\n",
    "              Buckets: 1024  Batches: 1  Memory Usage: 10kB\n",
    "              ->  Seq Scan on doctor_details d  (cost=0.00..11.10 rows=110 width=222) (actual time=0.090..0.097 rows=20 loops=1)\n",
    "              \n",
    "Planning Time: 0.363 ms\n",
    "Execution Time: 0.688 ms\n",
    "\n",
    "#### ANALYSIS\n",
    "\n",
    "1. HashAggregate: This operation groups the data by doctor_name and calculates the total number of appointments for each doctor. Since the dataset is small, the aggregation is fast and efficient.\n",
    "2. Hash Join: The join between appointment_details and doctor_details is handled by a Hash Join, which is efficient for small datasets like this.\n",
    "3. Sequential Scans: Sequential scans are used for both appointment_details and doctor_details. This is optimal for small datasets because sequential scans are generally faster than using indexes for small tables.\n",
    "\n",
    "#### AFTER INDEXING\n",
    "\n",
    "CREATE INDEX idx_doctor_details_doctor_id ON doctor_details (doctor_id);\n",
    "CREATE INDEX idx_appointment_details_doctor_id ON appointment_details (doctor_id);\n",
    "EXPLAIN ANALYZE\n",
    "SELECT d.doctor_name, COUNT(ad.appointment_id) AS total_appointments\n",
    "FROM doctor_details d\n",
    "JOIN appointment_details ad ON d.doctor_id = ad.doctor_id\n",
    "GROUP BY d.doctor_name;\n",
    "\n",
    "\n",
    "RESULT\n",
    "\n",
    "#### QUERY PLAN\n",
    "\n",
    "HashAggregate  (cost=3.34..3.54 rows=20 width=226) (actual time=0.090..0.097 rows=20 loops=1)\n",
    "  Group Key: d.doctor_name\n",
    "  Batches: 1  Memory Usage: 24kB\n",
    "  ->  Hash Join  (cost=1.45..3.09 rows=50 width=222) (actual time=0.039..0.062 rows=50 loops=1)\n",
    "        Hash Cond: (ad.doctor_id = d.doctor_id)\n",
    "        ->  Seq Scan on appointment_details ad  (cost=0.00..1.50 rows=50 width=8) (actual time=0.012..0.017 rows=50 loops=1)\n",
    "        ->  Hash  (cost=1.20..1.20 rows=20 width=222) (actual time=0.019..0.020 rows=20 loops=1)\n",
    "              Buckets: 1024  Batches: 1  Memory Usage: 10kB\n",
    "              ->  Seq Scan on doctor_details d  (cost=0.00..1.20 rows=20 width=222) (actual time=0.006..0.010 rows=20 loops=1)\n",
    "              \n",
    "Planning Time: 0.187 ms\n",
    "Execution Time: 0.140 ms\n",
    "\n",
    "#### ANALYSIS\n",
    "\n",
    "•  Efficient Hash Joins: The hash join between appointment_details and doctor_details is efficient, given the small number of rows being processed (50 and 20 rows, respectively).\n",
    "•  Sequential Scans: Both the appointment_details and doctor_details tables are scanned sequentially. While this is efficient with small datasets, adding indexes would improve performance as the data grows.\n",
    "•  HashAggregate: The aggregation (grouping by doctor_name) is performed efficiently, and the query processes the grouping without any performance bottlenecks.\n",
    "\n",
    "Exceution time Reduced from 0.688 to 0.140 ms\n"
   ]
  },
  {
   "cell_type": "markdown",
   "id": "fa3d67f3",
   "metadata": {},
   "source": [
    "### Query 5: Retrieve All Critical Severity Patients with Specific Doctor Assignments\n",
    "\n",
    "EXPLAIN ANALYZE \n",
    "SELECT p.hosp_nis, p.key_nis, d.doctor_name, hs.aprdrg_severity\n",
    "FROM patient_data p\n",
    "JOIN appointment_details ad ON p.key_nis = ad.key_nis\n",
    "JOIN doctor_details d ON ad.doctor_id = d.doctor_id\n",
    "JOIN hospital_severity hs ON p.key_nis = hs.key_nis\n",
    "WHERE hs.aprdrg_severity = 'Critical';\n",
    "\n",
    "Result\n",
    "\n",
    "#### QUERY PLAN\n",
    "\n",
    "Nested Loop  (cost=2.67..23.77 rows=17 width=230) (actual time=0.086..0.137 rows=12 loops=1)\n",
    "  ->  Nested Loop  (cost=2.53..20.47 rows=12 width=230) (actual time=0.080..0.112 rows=12 loops=1)\n",
    "        ->  Hash Join  (cost=2.39..14.43 rows=12 width=16) (actual time=0.048..0.063 rows=12 loops=1)\n",
    "              Hash Cond: (ad.key_nis = hs.key_nis)\n",
    "              ->  Seq Scan on appointment_details ad  (cost=0.00..11.40 rows=140 width=8) (actual time=0.007..0.012 rows=50 loops=1)\n",
    "              ->  Hash  (cost=2.24..2.24 rows=12 width=8) (actual time=0.030..0.030 rows=12 loops=1)\n",
    "                    Buckets: 1024  Batches: 1  Memory Usage: 9kB\n",
    "                    ->  Seq Scan on hospital_severity hs  (cost=0.00..2.24 rows=12 width=8) (actual time=0.014..0.021 rows=12 loops=1)\n",
    "                          Filter: ((aprdrg_severity)::text = 'Critical'::text)\n",
    "                          Rows Removed by Filter: 87\n",
    "        ->  Index Scan using doctor_details_pkey on doctor_details d  (cost=0.14..0.50 rows=1 width=222) (actual time=0.003..0.003 rows=1 loops=12)\n",
    "              Index Cond: (doctor_id = ad.doctor_id)\n",
    "  ->  Index Scan using patient_data_pkey on patient_data p  (cost=0.14..0.27 rows=1 width=8) (actual time=0.001..0.001 rows=1 loops=12)\n",
    "        Index Cond: (key_nis = ad.key_nis)\n",
    "        \n",
    "Planning Time: 0.542 ms\n",
    "Execution Time: 0.207 ms\n",
    "\n",
    "\n",
    "#### ANALYSIS\n",
    "\n",
    "1. Nested Loop Joins: Nested loops are used to join the patient_data, appointment_details, and doctor_details tables. Nested loops work well here due to the small dataset size, as each iteration only processes a small number of rows.\n",
    "2. Hash Join: The Hash Join is performed between appointment_details and hospital_severity based on key_nis. This join efficiently handles filtering and matching for the key_nis values.\n",
    "3. Index Scans: Index Scans are used for both doctor_details and patient_data, utilizing the primary keys (doctor_id and key_nis) to retrieve the relevant rows quickly.\n",
    "\n",
    "\n",
    "\n",
    "#### AFTER INDEXING \n",
    "\n",
    "CREATE INDEX idx_patient_data_key_nis ON patient_data (key_nis);\n",
    "CREATE INDEX idx_appointment_details_key_nis ON appointment_details (key_nis);\n",
    "CREATE INDEX idx_appointment_details_doctor_id ON appointment_details (doctor_id);\n",
    "CREATE INDEX idx_doctor_details_doctor_id ON doctor_details (doctor_id);\n",
    "CREATE INDEX idx_hospital_severity_key_nis ON hospital_severity (key_nis);\n",
    "CREATE INDEX idx_hospital_severity_aprdrg_severity ON hospital_severity (aprdrg_severity);\n",
    "\n",
    "EXPLAIN ANALYZE SELECT p.hosp_nis, p.key_nis, d.doctor_name, hs.aprdrg_severity\n",
    "FROM patient_data p\n",
    "JOIN appointment_details ad ON p.key_nis = ad.key_nis\n",
    "JOIN doctor_details d ON ad.doctor_id = d.doctor_id\n",
    "JOIN hospital_severity hs ON p.key_nis = hs.key_nis\n",
    "WHERE hs.aprdrg_severity = 'Critical';\n",
    "\n",
    "RESULT\n",
    "\n",
    "#### QUERY PLAN\n",
    "\n",
    "Nested Loop  (cost=4.35..8.39 rows=6 width=230) (actual time=0.082..0.111 rows=12 loops=1)\n",
    "  ->  Hash Join  (cost=4.21..5.50 rows=6 width=230) (actual time=0.071..0.081 rows=12 loops=1)\n",
    "        Hash Cond: (d.doctor_id = ad.doctor_id)\n",
    "        ->  Seq Scan on doctor_details d  (cost=0.00..1.20 rows=20 width=222) (actual time=0.006..0.008 rows=20 loops=1)\n",
    "        ->  Hash  (cost=4.13..4.13 rows=6 width=16) (actual time=0.053..0.054 rows=12 loops=1)\n",
    "              Buckets: 1024  Batches: 1  Memory Usage: 9kB\n",
    "              ->  Hash Join  (cost=2.39..4.13 rows=6 width=16) (actual time=0.036..0.050 rows=12 loops=1)\n",
    "                    Hash Cond: (ad.key_nis = hs.key_nis)\n",
    "                    ->  Seq Scan on appointment_details ad  (cost=0.00..1.50 rows=50 width=8) (actual time=0.002..0.007 rows=50 loops=1)\n",
    "                    ->  Hash  (cost=2.24..2.24 rows=12 width=8) (actual time=0.027..0.027 rows=12 loops=1)\n",
    "                          Buckets: 1024  Batches: 1  Memory Usage: 9kB\n",
    "                          ->  Seq Scan on hospital_severity hs  (cost=0.00..2.24 rows=12 width=8) (actual time=0.014..0.020 rows=12 loops=1)\n",
    "                                Filter: ((aprdrg_severity)::text = 'Critical'::text)\n",
    "                                Rows Removed by Filter: 87\n",
    "  ->  Index Scan using idx_patient_data_key_nis on patient_data p  (cost=0.14..0.48 rows=1 width=8) (actual time=0.002..0.002 rows=1 loops=12)\n",
    "        Index Cond: (key_nis = ad.key_nis)\n",
    "        \n",
    "Planning Time: 0.660 ms\n",
    "Execution Time: 0.155 ms\n",
    "\n",
    "\n",
    "#### ANALYSIS\n",
    "\n",
    "•  Efficient Joins: The combination of hash joins and a nested loop join works efficiently due to the small number of rows being processed. The hash joins are well-suited for the current dataset, and the index scan on patient_data speeds up the final retrieval.\n",
    "•  Sequential Scans: Sequential scans are used on doctor_details, appointment_details, and hospital_severity, but the small size of the dataset makes this efficient. However, for larger datasets, indexing on the key_nis and aprdrg_severity columns would improve performance, particularly when filtering and joining large amounts of data.\n",
    "•  Index Scan on patient_data: The index scan on patient_data is very efficient, as it quickly retrieves rows using the index on key_nis. This index ensures fast lookups even as the dataset grows.\n",
    "Execution time reduced from 0.207 to 0.155 ms"
   ]
  },
  {
   "cell_type": "markdown",
   "id": "587836f9",
   "metadata": {},
   "source": [
    "## Conclusion: Performance Insights and Potential Improvements"
   ]
  },
  {
   "cell_type": "markdown",
   "id": "169cf48d",
   "metadata": {},
   "source": [
    "Through well-integrated tables that enable thorough queries, the Hospital Management Schema efficiently manages crucial hospital activities, such as patient admissions and appointment scheduling.\n",
    "\n",
    "#### Performance Analysis:\n",
    "\n",
    "Useful Joins and Scans: Hash joins and sequential scans are used in a way that is appropriate for the sizes of the datasets that are currently available, guaranteeing speedy access and processing times.\n",
    "\n",
    "Enhanced by Indexing: By cutting down on execution times and increasing operational efficiency, indexing essential columns has greatly enhanced query performance.\n",
    "\n",
    "Possible Enhancements:\n",
    "Optimize Indexing Strategy: As the database grows, make ongoing adjustments to the indexes based on usage trends to ensure peak performance.\n",
    "\n",
    "Normalize Data: To improve data integrity and remove redundancy, further normalize tables. This could improve performance and storage.\n",
    "\n",
    "Query and Database Optimization: Consider query rewriting, views for complex queries, and partitioning large tables to improve scalability and manageability.\n",
    "\n",
    "These improvements can help enhance the system’s performance, scalability, and reliability, ensuring it continues to meet the demands of healthcare data management.\n"
   ]
  },
  {
   "cell_type": "code",
   "execution_count": null,
   "id": "8466dfdf",
   "metadata": {},
   "outputs": [],
   "source": []
  }
 ],
 "metadata": {
  "kernelspec": {
   "display_name": "Python 3 (ipykernel)",
   "language": "python",
   "name": "python3"
  },
  "language_info": {
   "codemirror_mode": {
    "name": "ipython",
    "version": 3
   },
   "file_extension": ".py",
   "mimetype": "text/x-python",
   "name": "python",
   "nbconvert_exporter": "python",
   "pygments_lexer": "ipython3",
   "version": "3.12.5"
  }
 },
 "nbformat": 4,
 "nbformat_minor": 5
}
